09:52:36.211 [main] INFO  api.test.SinglePromptTests.ContentsNewTests - Stream Data: - "Get Your Daily Dose of Veggies with These Healthy Recipes"
09:52:36.218 [main] INFO  api.test.SinglePromptTests.ContentsNewTests - Executing Test Case: Invalid Prompt ID
09:52:36.218 [main] INFO  api.test.SinglePromptTests.ContentsNewTests - Request Data - PromptID: [999], ToneID: [10], Question70: [Healthy recipes], Question243: [13], LanguageID: [21], IsChat: [0]
09:52:36.319 [main] INFO  api.test.SinglePromptTests.ContentsNewTests - Response Headers: Server=nginx/1.22.0 (Ubuntu)
Content-Type=application/json
Transfer-Encoding=chunked
Connection=keep-alive
Cache-Control=no-cache, private
Date=Wed, 19 Mar 2025 04:22:36 GMT
Access-Control-Allow-Origin=*
Access-Control-Allow-Methods=POST, GET, OPTIONS, PUT, DELETE
Access-Control-Allow-Headers=Content-Type, X-Auth-Token, Origin, Authorization
X-RateLimit-Limit=120
X-RateLimit-Remaining=102
Access-Control-Expose-Headers=X-Engine-Id, content_id, Content-Type, Cache-Control
09:52:36.320 [main] INFO  api.test.SinglePromptTests.ContentsNewTests - Content-ID: null
09:52:36.320 [main] INFO  api.test.SinglePromptTests.ContentsNewTests - Stream Data: {"error":"Please Enter a valid Prompt Id","message":"Please Enter a valid Prompt Id","type":"info"}
09:52:36.322 [main] INFO  api.test.SinglePromptTests.ContentsNewTests - Executing Test Case: Invalid Tone ID
09:52:36.322 [main] INFO  api.test.SinglePromptTests.ContentsNewTests - Request Data - PromptID: [46], ToneID: [999], Question70: [Healthy recipes], Question243: [13], LanguageID: [21], IsChat: [0]
09:52:36.407 [main] INFO  api.test.SinglePromptTests.ContentsNewTests - Response Headers: Server=nginx/1.22.0 (Ubuntu)
Content-Type=application/json
Transfer-Encoding=chunked
Connection=keep-alive
Cache-Control=no-cache, private
Date=Wed, 19 Mar 2025 04:22:36 GMT
Access-Control-Allow-Origin=*
Access-Control-Allow-Methods=POST, GET, OPTIONS, PUT, DELETE
Access-Control-Allow-Headers=Content-Type, X-Auth-Token, Origin, Authorization
X-RateLimit-Limit=120
X-RateLimit-Remaining=101
Access-Control-Expose-Headers=X-Engine-Id, content_id, Content-Type, Cache-Control
09:52:36.407 [main] INFO  api.test.SinglePromptTests.ContentsNewTests - Content-ID: null
09:52:36.408 [main] INFO  api.test.SinglePromptTests.ContentsNewTests - Stream Data: {"status":false,"data":null,"message":"SQLSTATE[23000]: Integrity constraint violation: 1452 Cannot add or update a child row: a foreign key constraint fails (`genie_db`.`contents`, CONSTRAINT `tone_fk_7934190` FOREIGN KEY (`tone_id`) REFERENCES `tones` (`id`)) (Connection: mysql, SQL: insert into `contents` (`user_id`, `prompt_id`, `tone_id`, `engine_id`, `language_id`, `is_mode`, `updated_at`, `created_at`) values (980150, 46, 999, 15, 21, 0, 2025-03-19 09:52:36, 2025-03-19 09:52:36))","type":"error","code":500,"response":"error"}
09:52:36.410 [main] INFO  api.test.SinglePromptTests.ContentsNewTests - Executing Test Case: Unregistered Prompt
09:52:36.410 [main] INFO  api.test.SinglePromptTests.ContentsNewTests - Request Data - PromptID: [999], ToneID: [12], Question70: [Tech innovations], Question243: [15], LanguageID: [22], IsChat: [0]
09:52:36.497 [main] INFO  api.test.SinglePromptTests.ContentsNewTests - Response Headers: Server=nginx/1.22.0 (Ubuntu)
Content-Type=application/json
Transfer-Encoding=chunked
Connection=keep-alive
Cache-Control=no-cache, private
Date=Wed, 19 Mar 2025 04:22:36 GMT
Access-Control-Allow-Origin=*
Access-Control-Allow-Methods=POST, GET, OPTIONS, PUT, DELETE
Access-Control-Allow-Headers=Content-Type, X-Auth-Token, Origin, Authorization
X-RateLimit-Limit=120
X-RateLimit-Remaining=100
Access-Control-Expose-Headers=X-Engine-Id, content_id, Content-Type, Cache-Control
09:52:36.497 [main] INFO  api.test.SinglePromptTests.ContentsNewTests - Content-ID: null
09:52:36.497 [main] INFO  api.test.SinglePromptTests.ContentsNewTests - Stream Data: {"error":"Please Enter a valid Prompt Id","message":"Please Enter a valid Prompt Id","type":"info"}
09:52:36.498 [main] INFO  api.test.SinglePromptTests.ContentsNewTests - Executing Test Case: Invalid Language ID
09:52:36.498 [main] INFO  api.test.SinglePromptTests.ContentsNewTests - Request Data - PromptID: [50], ToneID: [12], Question70: [Tech innovations], Question243: [15], LanguageID: [999], IsChat: [0]
09:52:36.604 [main] INFO  api.test.SinglePromptTests.ContentsNewTests - Response Headers: Server=nginx/1.22.0 (Ubuntu)
Content-Type=application/json
Transfer-Encoding=chunked
Connection=keep-alive
Cache-Control=no-cache, private
Date=Wed, 19 Mar 2025 04:22:36 GMT
Access-Control-Allow-Origin=*
Access-Control-Allow-Methods=POST, GET, OPTIONS, PUT, DELETE
Access-Control-Allow-Headers=Content-Type, X-Auth-Token, Origin, Authorization
X-RateLimit-Limit=120
X-RateLimit-Remaining=99
Access-Control-Expose-Headers=X-Engine-Id, content_id, Content-Type, Cache-Control
09:52:36.604 [main] INFO  api.test.SinglePromptTests.ContentsNewTests - Content-ID: null
09:52:36.604 [main] INFO  api.test.SinglePromptTests.ContentsNewTests - Stream Data: {"status":false,"data":null,"message":"SQLSTATE[23000]: Integrity constraint violation: 1452 Cannot add or update a child row: a foreign key constraint fails (`genie_db`.`contents`, CONSTRAINT `language_fk_8089055` FOREIGN KEY (`language_id`) REFERENCES `languages` (`id`)) (Connection: mysql, SQL: insert into `contents` (`user_id`, `prompt_id`, `tone_id`, `engine_id`, `language_id`, `is_mode`, `updated_at`, `created_at`) values (980150, 50, 12, 19, 999, 0, 2025-03-19 09:52:36, 2025-03-19 09:52:36))","type":"error","code":500,"response":"error"}
09:52:36.606 [main] INFO  api.test.SinglePromptTests.ContentsNewTests - Executing Test Case: Empty Prompt
09:52:36.606 [main] INFO  api.test.SinglePromptTests.ContentsNewTests - Request Data - PromptID: [0], ToneID: [12], Question70: [" "], Question243: [15], LanguageID: [22], IsChat: [0]
09:52:36.706 [main] INFO  api.test.SinglePromptTests.ContentsNewTests - Response Headers: Server=nginx/1.22.0 (Ubuntu)
Content-Type=application/json
Transfer-Encoding=chunked
Connection=keep-alive
Cache-Control=no-cache, private
Date=Wed, 19 Mar 2025 04:22:37 GMT
Access-Control-Allow-Origin=*
Access-Control-Allow-Methods=POST, GET, OPTIONS, PUT, DELETE
Access-Control-Allow-Headers=Content-Type, X-Auth-Token, Origin, Authorization
X-RateLimit-Limit=120
X-RateLimit-Remaining=98
Access-Control-Expose-Headers=X-Engine-Id, content_id, Content-Type, Cache-Control
09:52:36.707 [main] INFO  api.test.SinglePromptTests.ContentsNewTests - Content-ID: null
09:52:36.707 [main] INFO  api.test.SinglePromptTests.ContentsNewTests - Stream Data: {"error":"Please Enter a valid Prompt Id","message":"Please Enter a valid Prompt Id","type":"info"}
